\BOOKMARK [0][-]{chapter.1}{Introduction}{}% 1
\BOOKMARK [1][-]{section.1.1}{Background}{chapter.1}% 2
\BOOKMARK [1][-]{section.1.2}{Aims and Objectives}{chapter.1}% 3
\BOOKMARK [2][-]{subsection.1.2.1}{Basic Objectives}{section.1.2}% 4
\BOOKMARK [2][-]{subsection.1.2.2}{Advanced Objectives}{section.1.2}% 5
\BOOKMARK [1][-]{section.1.3}{Project Management}{chapter.1}% 6
\BOOKMARK [0][-]{chapter.2}{Review Of Literature}{}% 7
\BOOKMARK [1][-]{section.2.1}{Introduction}{chapter.2}% 8
\BOOKMARK [1][-]{section.2.2}{Mathematical Modelling and System Identification}{chapter.2}% 9
\BOOKMARK [2][-]{subsection.2.2.1}{UAV}{section.2.2}% 10
\BOOKMARK [2][-]{subsection.2.2.2}{Dynamics}{section.2.2}% 11
\BOOKMARK [2][-]{subsection.2.2.3}{Actuator Dynamics}{section.2.2}% 12
\BOOKMARK [1][-]{section.2.3}{Control Systems Design, Simulation and Implementation}{chapter.2}% 13
\BOOKMARK [2][-]{subsection.2.3.1}{LQG}{section.2.3}% 14
\BOOKMARK [2][-]{subsection.2.3.2}{LQ-MPC}{section.2.3}% 15
\BOOKMARK [1][-]{section.2.4}{summary}{chapter.2}% 16
\BOOKMARK [0][-]{chapter.3}{Mathematical Modelling}{}% 17
\BOOKMARK [1][-]{section.3.1}{Introduction}{chapter.3}% 18
\BOOKMARK [1][-]{section.3.2}{UAV}{chapter.3}% 19
\BOOKMARK [1][-]{section.3.3}{Kinematics}{chapter.3}% 20
\BOOKMARK [1][-]{section.3.4}{Kinetics}{chapter.3}% 21
\BOOKMARK [2][-]{subsection.3.4.1}{Newton-Euler}{section.3.4}% 22
\BOOKMARK [2][-]{subsection.3.4.2}{Asymmetry}{section.3.4}% 23
\BOOKMARK [1][-]{section.3.5}{Actuator Dynamics}{chapter.3}% 24
\BOOKMARK [1][-]{section.3.6}{Non-Linear Model}{chapter.3}% 25
\BOOKMARK [1][-]{section.3.7}{Linearisation}{chapter.3}% 26
\BOOKMARK [2][-]{subsection.3.7.1}{Jacobian Method}{section.3.7}% 27
\BOOKMARK [1][-]{section.3.8}{Summary}{chapter.3}% 28
\BOOKMARK [0][-]{chapter.4}{Linear Quadratic Gaussian and Model Predictive Control}{}% 29
\BOOKMARK [1][-]{section.4.1}{Introduction}{chapter.4}% 30
\BOOKMARK [1][-]{section.4.2}{Discretization}{chapter.4}% 31
\BOOKMARK [1][-]{section.4.3}{Model Analysis}{chapter.4}% 32
\BOOKMARK [2][-]{subsection.4.3.1}{Stability}{section.4.3}% 33
\BOOKMARK [2][-]{subsection.4.3.2}{Reachability}{section.4.3}% 34
\BOOKMARK [2][-]{subsection.4.3.3}{Observability}{section.4.3}% 35
\BOOKMARK [1][-]{section.4.4}{LQG}{chapter.4}% 36
\BOOKMARK [2][-]{subsection.4.4.1}{Full-State Feedback}{section.4.4}% 37
\BOOKMARK [2][-]{subsection.4.4.2}{LQR}{section.4.4}% 38
\BOOKMARK [2][-]{subsection.4.4.3}{Reference Tracking and Integral Action}{section.4.4}% 39
\BOOKMARK [2][-]{subsection.4.4.4}{State Estimation}{section.4.4}% 40
\BOOKMARK [2][-]{subsection.4.4.5}{Estimator Modification}{section.4.4}% 41
\BOOKMARK [2][-]{subsection.4.4.6}{Results}{section.4.4}% 42
\BOOKMARK [1][-]{section.4.5}{LQ-MPC}{chapter.4}% 43
\BOOKMARK [2][-]{subsection.4.5.1}{Limitations of LQG control}{section.4.5}% 44
\BOOKMARK [2][-]{subsection.4.5.2}{General Model Predictive Control \(GPC\)}{section.4.5}% 45
\BOOKMARK [2][-]{subsection.4.5.3}{LQ-MPC: Extending The LQR}{section.4.5}% 46
\BOOKMARK [2][-]{subsection.4.5.4}{Closed-Loop Predictions}{section.4.5}% 47
\BOOKMARK [2][-]{subsection.4.5.5}{Reference Tracking}{section.4.5}% 48
\BOOKMARK [2][-]{subsection.4.5.6}{Results}{section.4.5}% 49
\BOOKMARK [1][-]{section.4.6}{Summary}{chapter.4}% 50
\BOOKMARK [0][-]{chapter.5}{Embedded Control Systems Implementation}{}% 51
\BOOKMARK [1][-]{section.5.1}{Introduction}{chapter.5}% 52
\BOOKMARK [1][-]{section.5.2}{Hardware}{chapter.5}% 53
\BOOKMARK [2][-]{subsection.5.2.1}{MARG and Barometer}{section.5.2}% 54
\BOOKMARK [2][-]{subsection.5.2.2}{Actuator interfaces}{section.5.2}% 55
\BOOKMARK [1][-]{section.5.3}{Software and UML}{chapter.5}% 56
\BOOKMARK [2][-]{subsection.5.3.1}{The Robot Control Library \(RCL\)}{section.5.3}% 57
\BOOKMARK [2][-]{subsection.5.3.2}{Universal Modelling Language \(UML\)}{section.5.3}% 58
\BOOKMARK [1][-]{section.5.4}{Summary}{chapter.5}% 59
\BOOKMARK [0][-]{chapter.6}{Conclusion}{}% 60
