This is pdfTeX, Version 3.14159265-2.6-1.40.20 (MiKTeX 2.9.7140 64-bit) (preloaded format=pdflatex 2019.9.27)  21 DEC 2019 18:23
entering extended mode
**./InterimReportCorrected.tex
(InterimReportCorrected.tex
LaTeX2e <2018-12-01>
("C:\Program Files\MiKTeX 2.9\tex/latex/base\report.cls"
Document Class: report 2018/09/03 v1.4i Standard LaTeX document class
("C:\Program Files\MiKTeX 2.9\tex/latex/base\size12.clo"
File: size12.clo 2018/09/03 v1.4i Standard LaTeX file (size option)
)
\c@part=\count80
\c@chapter=\count81
\c@section=\count82
\c@subsection=\count83
\c@subsubsection=\count84
\c@paragraph=\count85
\c@subparagraph=\count86
\c@figure=\count87
\c@table=\count88
\abovecaptionskip=\skip41
\belowcaptionskip=\skip42
\bibindent=\dimen102
)
("C:\Program Files\MiKTeX 2.9\tex/latex/geometry\geometry.sty"
Package: geometry 2018/04/16 v5.8 Page Geometry

("C:\Program Files\MiKTeX 2.9\tex/latex/graphics\keyval.sty"
Package: keyval 2014/10/28 v1.15 key=value parser (DPC)
\KV@toks@=\toks14
)
("C:\Program Files\MiKTeX 2.9\tex/generic/oberdiek\ifpdf.sty"
Package: ifpdf 2018/09/07 v3.3 Provides the ifpdf switch
)
("C:\Program Files\MiKTeX 2.9\tex/generic/oberdiek\ifvtex.sty"
Package: ifvtex 2016/05/16 v1.6 Detect VTeX and its facilities (HO)
Package ifvtex Info: VTeX not detected.
)
("C:\Program Files\MiKTeX 2.9\tex/generic/ifxetex\ifxetex.sty"
Package: ifxetex 2010/09/12 v0.6 Provides ifxetex conditional
)
\Gm@cnth=\count89
\Gm@cntv=\count90
\c@Gm@tempcnt=\count91
\Gm@bindingoffset=\dimen103
\Gm@wd@mp=\dimen104
\Gm@odd@mp=\dimen105
\Gm@even@mp=\dimen106
\Gm@layoutwidth=\dimen107
\Gm@layoutheight=\dimen108
\Gm@layouthoffset=\dimen109
\Gm@layoutvoffset=\dimen110
\Gm@dimlist=\toks15

("C:\Program Files\MiKTeX 2.9\tex/latex/geometry\geometry.cfg"))
("C:\Program Files\MiKTeX 2.9\tex/latex/base\inputenc.sty"
Package: inputenc 2018/08/11 v1.3c Input encoding file
\inpenc@prehook=\toks16
\inpenc@posthook=\toks17
)
("C:\Program Files\MiKTeX 2.9\tex/latex/base\fontenc.sty"
Package: fontenc 2018/08/11 v2.0j Standard LaTeX package

("C:\Program Files\MiKTeX 2.9\tex/latex/base\t1enc.def"
File: t1enc.def 2018/08/11 v2.0j Standard LaTeX file
LaTeX Font Info:    Redeclaring font encoding T1 on input line 48.
))
("C:\Program Files\MiKTeX 2.9\tex/latex/psnfss\mathptmx.sty"
Package: mathptmx 2005/04/12 PSNFSS-v9.2a Times w/ Math, improved (SPQR, WaS) 
LaTeX Font Info:    Redeclaring symbol font `operators' on input line 28.
LaTeX Font Info:    Overwriting symbol font `operators' in version `normal'
(Font)                  OT1/cmr/m/n --> OT1/ztmcm/m/n on input line 28.
LaTeX Font Info:    Overwriting symbol font `operators' in version `bold'
(Font)                  OT1/cmr/bx/n --> OT1/ztmcm/m/n on input line 28.
LaTeX Font Info:    Redeclaring symbol font `letters' on input line 29.
LaTeX Font Info:    Overwriting symbol font `letters' in version `normal'
(Font)                  OML/cmm/m/it --> OML/ztmcm/m/it on input line 29.
LaTeX Font Info:    Overwriting symbol font `letters' in version `bold'
(Font)                  OML/cmm/b/it --> OML/ztmcm/m/it on input line 29.
LaTeX Font Info:    Redeclaring symbol font `symbols' on input line 30.
LaTeX Font Info:    Overwriting symbol font `symbols' in version `normal'
(Font)                  OMS/cmsy/m/n --> OMS/ztmcm/m/n on input line 30.
LaTeX Font Info:    Overwriting symbol font `symbols' in version `bold'
(Font)                  OMS/cmsy/b/n --> OMS/ztmcm/m/n on input line 30.
LaTeX Font Info:    Redeclaring symbol font `largesymbols' on input line 31.
LaTeX Font Info:    Overwriting symbol font `largesymbols' in version `normal'
(Font)                  OMX/cmex/m/n --> OMX/ztmcm/m/n on input line 31.
LaTeX Font Info:    Overwriting symbol font `largesymbols' in version `bold'
(Font)                  OMX/cmex/m/n --> OMX/ztmcm/m/n on input line 31.
\symbold=\mathgroup4
\symitalic=\mathgroup5
LaTeX Font Info:    Redeclaring math alphabet \mathbf on input line 34.
LaTeX Font Info:    Overwriting math alphabet `\mathbf' in version `normal'
(Font)                  OT1/cmr/bx/n --> OT1/ptm/bx/n on input line 34.
LaTeX Font Info:    Overwriting math alphabet `\mathbf' in version `bold'
(Font)                  OT1/cmr/bx/n --> OT1/ptm/bx/n on input line 34.
LaTeX Font Info:    Redeclaring math alphabet \mathit on input line 35.
LaTeX Font Info:    Overwriting math alphabet `\mathit' in version `normal'
(Font)                  OT1/cmr/m/it --> OT1/ptm/m/it on input line 35.
LaTeX Font Info:    Overwriting math alphabet `\mathit' in version `bold'
(Font)                  OT1/cmr/bx/it --> OT1/ptm/m/it on input line 35.
LaTeX Info: Redefining \hbar on input line 50.
)
(C:\Users\alexd\AppData\Roaming\MiKTeX\2.9\tex/latex/fancyhdr\fancyhdr.sty
Package: fancyhdr 2019/01/31 v3.10 Extensive control of page headers and footer
s
\f@nch@headwidth=\skip43
\f@nch@O@elh=\skip44
\f@nch@O@erh=\skip45
\f@nch@O@olh=\skip46
\f@nch@O@orh=\skip47
\f@nch@O@elf=\skip48
\f@nch@O@erf=\skip49
\f@nch@O@olf=\skip50
\f@nch@O@orf=\skip51
)
("C:\Program Files\MiKTeX 2.9\tex/latex/graphics\graphicx.sty"
Package: graphicx 2017/06/01 v1.1a Enhanced LaTeX Graphics (DPC,SPQR)

("C:\Program Files\MiKTeX 2.9\tex/latex/graphics\graphics.sty"
Package: graphics 2017/06/25 v1.2c Standard LaTeX Graphics (DPC,SPQR)

("C:\Program Files\MiKTeX 2.9\tex/latex/graphics\trig.sty"
Package: trig 2016/01/03 v1.10 sin cos tan (DPC)
)
("C:\Program Files\MiKTeX 2.9\tex/latex/graphics-cfg\graphics.cfg"
File: graphics.cfg 2016/06/04 v1.11 sample graphics configuration
)
Package graphics Info: Driver file: pdftex.def on input line 99.

("C:\Program Files\MiKTeX 2.9\tex/latex/graphics-def\pdftex.def"
File: pdftex.def 2018/01/08 v1.0l Graphics/color driver for pdftex
))
\Gin@req@height=\dimen111
\Gin@req@width=\dimen112
)
(C:\Users\alexd\AppData\Roaming\MiKTeX\2.9\tex/latex/caption\subcaption.sty
Package: subcaption 2019/09/01 v1.3a Sub-captions (AR)

(C:\Users\alexd\AppData\Roaming\MiKTeX\2.9\tex/latex/caption\caption.sty
Package: caption 2019/10/18 v3.4a Customizing captions (AR)

(C:\Users\alexd\AppData\Roaming\MiKTeX\2.9\tex/latex/caption\caption3.sty
Package: caption3 2019/09/09 v1.8e caption3 kernel (AR)
Package caption3 Info: TeX engine: e-TeX on input line 64.
\captionmargin=\dimen113
\captionmargin@=\dimen114
\captionwidth=\dimen115
\caption@tempdima=\dimen116
\caption@indent=\dimen117
\caption@parindent=\dimen118
\caption@hangindent=\dimen119
Package caption Info: Standard document class detected.
)
\c@caption@flags=\count92
\c@continuedfloat=\count93
)
\c@subfigure=\count94
\c@subtable=\count95
)
(C:\Users\alexd\AppData\Roaming\MiKTeX\2.9\tex/latex/pdfpages\pdfpages.sty
Package: pdfpages 2019/11/21 v0.5o Insert pages of external PDF documents (AM)

("C:\Program Files\MiKTeX 2.9\tex/latex/base\ifthen.sty"
Package: ifthen 2014/09/29 v1.1c Standard LaTeX ifthen package (DPC)
)
("C:\Program Files\MiKTeX 2.9\tex/latex/tools\calc.sty"
Package: calc 2017/05/25 v4.3 Infix arithmetic (KKT,FJ)
\calc@Acount=\count96
\calc@Bcount=\count97
\calc@Adimen=\dimen120
\calc@Bdimen=\dimen121
\calc@Askip=\skip52
\calc@Bskip=\skip53
LaTeX Info: Redefining \setlength on input line 80.
LaTeX Info: Redefining \addtolength on input line 81.
\calc@Ccount=\count98
\calc@Cskip=\skip54
)
(C:\Users\alexd\AppData\Roaming\MiKTeX\2.9\tex/latex/eso-pic\eso-pic.sty
Package: eso-pic 2018/04/12 v2.0h eso-pic (RN)

("C:\Program Files\MiKTeX 2.9\tex/generic/oberdiek\atbegshi.sty"
Package: atbegshi 2016/06/09 v1.18 At begin shipout hook (HO)

("C:\Program Files\MiKTeX 2.9\tex/generic/oberdiek\infwarerr.sty"
Package: infwarerr 2016/05/16 v1.4 Providing info/warning/error messages (HO)
)
("C:\Program Files\MiKTeX 2.9\tex/generic/oberdiek\ltxcmds.sty"
Package: ltxcmds 2016/05/16 v1.23 LaTeX kernel commands for general use (HO)
))
(C:\Users\alexd\AppData\Roaming\MiKTeX\2.9\tex/latex/xcolor\xcolor.sty
Package: xcolor 2016/05/11 v2.12 LaTeX color extensions (UK)

("C:\Program Files\MiKTeX 2.9\tex/latex/graphics-cfg\color.cfg"
File: color.cfg 2016/01/02 v1.6 sample color configuration
)
Package xcolor Info: Driver file: pdftex.def on input line 225.
Package xcolor Info: Model `cmy' substituted by `cmy0' on input line 1348.
Package xcolor Info: Model `hsb' substituted by `rgb' on input line 1352.
Package xcolor Info: Model `RGB' extended on input line 1364.
Package xcolor Info: Model `HTML' substituted by `rgb' on input line 1366.
Package xcolor Info: Model `Hsb' substituted by `hsb' on input line 1367.
Package xcolor Info: Model `tHsb' substituted by `hsb' on input line 1368.
Package xcolor Info: Model `HSB' substituted by `hsb' on input line 1369.
Package xcolor Info: Model `Gray' substituted by `gray' on input line 1370.
Package xcolor Info: Model `wave' substituted by `hsb' on input line 1371.
))
\AM@pagewidth=\dimen122
\AM@pageheight=\dimen123

(C:\Users\alexd\AppData\Roaming\MiKTeX\2.9\tex/latex/pdfpages\pppdftex.def
File: pppdftex.def 2019/11/21 v0.5o Pdfpages driver for pdfTeX (AM)
)
\AM@pagebox=\box27
\AM@global@opts=\toks18
\AM@toc@title=\toks19
\c@AM@survey=\count99
\AM@templatesizebox=\box28
)
("C:\Program Files\MiKTeX 2.9\tex/latex/amsmath\amsmath.sty"
Package: amsmath 2018/12/01 v2.17b AMS math features
\@mathmargin=\skip55

For additional information on amsmath, use the `?' option.
("C:\Program Files\MiKTeX 2.9\tex/latex/amsmath\amstext.sty"
Package: amstext 2000/06/29 v2.01 AMS text

("C:\Program Files\MiKTeX 2.9\tex/latex/amsmath\amsgen.sty"
File: amsgen.sty 1999/11/30 v2.0 generic functions
\@emptytoks=\toks20
\ex@=\dimen124
))
("C:\Program Files\MiKTeX 2.9\tex/latex/amsmath\amsbsy.sty"
Package: amsbsy 1999/11/29 v1.2d Bold Symbols
\pmbraise@=\dimen125
)
("C:\Program Files\MiKTeX 2.9\tex/latex/amsmath\amsopn.sty"
Package: amsopn 2016/03/08 v2.02 operator names
)
\inf@bad=\count100
LaTeX Info: Redefining \frac on input line 223.
\uproot@=\count101
\leftroot@=\count102
LaTeX Info: Redefining \overline on input line 385.
\classnum@=\count103
\DOTSCASE@=\count104
LaTeX Info: Redefining \ldots on input line 482.
LaTeX Info: Redefining \dots on input line 485.
LaTeX Info: Redefining \cdots on input line 606.
\Mathstrutbox@=\box29
\strutbox@=\box30
\big@size=\dimen126
LaTeX Font Info:    Redeclaring font encoding OML on input line 729.
LaTeX Font Info:    Redeclaring font encoding OMS on input line 730.
\macc@depth=\count105
\c@MaxMatrixCols=\count106
\dotsspace@=\muskip10
\c@parentequation=\count107
\dspbrk@lvl=\count108
\tag@help=\toks21
\row@=\count109
\column@=\count110
\maxfields@=\count111
\andhelp@=\toks22
\eqnshift@=\dimen127
\alignsep@=\dimen128
\tagshift@=\dimen129
\tagwidth@=\dimen130
\totwidth@=\dimen131
\lineht@=\dimen132
\@envbody=\toks23
\multlinegap=\skip56
\multlinetaggap=\skip57
\mathdisplay@stack=\toks24
LaTeX Info: Redefining \[ on input line 2844.
LaTeX Info: Redefining \] on input line 2845.
)
(InterimReportCorrected.aux

LaTeX Warning: Label `DifferentFlightConditionsOguzKose' multiply defined.

)
\openout1 = `InterimReportCorrected.aux'.

LaTeX Font Info:    Checking defaults for OML/cmm/m/it on input line 28.
LaTeX Font Info:    ... okay on input line 28.
LaTeX Font Info:    Checking defaults for T1/cmr/m/n on input line 28.
LaTeX Font Info:    ... okay on input line 28.
LaTeX Font Info:    Checking defaults for OT1/cmr/m/n on input line 28.
LaTeX Font Info:    ... okay on input line 28.
LaTeX Font Info:    Checking defaults for OMS/cmsy/m/n on input line 28.
LaTeX Font Info:    ... okay on input line 28.
LaTeX Font Info:    Checking defaults for OMX/cmex/m/n on input line 28.
LaTeX Font Info:    ... okay on input line 28.
LaTeX Font Info:    Checking defaults for U/cmr/m/n on input line 28.
LaTeX Font Info:    ... okay on input line 28.
LaTeX Font Info:    Try loading font information for T1+ptm on input line 28.
 ("C:\Program Files\MiKTeX 2.9\tex/latex/psnfss\t1ptm.fd"
File: t1ptm.fd 2001/06/04 font definitions for T1/ptm.
)
*geometry* driver: auto-detecting
*geometry* detected driver: pdftex
*geometry* verbose mode - [ preamble ] result:
* driver: pdftex
* paper: a4paper
* layout: <same size as paper>
* layoutoffset:(h,v)=(0.0pt,0.0pt)
* modes: twoside 
* h-part:(L,W,R)=(72.2698pt, 452.96826pt, 72.2698pt)
* v-part:(T,H,B)=(72.2698pt, 701.07597pt, 71.70107pt)
* \paperwidth=597.50787pt
* \paperheight=845.04684pt
* \textwidth=452.96826pt
* \textheight=701.07597pt
* \oddsidemargin=-0.00018pt
* \evensidemargin=-0.00018pt
* \topmargin=-37.00018pt
* \headheight=12.0pt
* \headsep=25.0pt
* \topskip=12.0pt
* \footskip=30.0pt
* \marginparwidth=85.0pt
* \marginparsep=10.0pt
* \columnsep=10.0pt
* \skip\footins=10.8pt plus 4.0pt minus 2.0pt
* \hoffset=0.0pt
* \voffset=0.0pt
* \mag=1000
* \@twocolumnfalse
* \@twosidetrue
* \@mparswitchtrue
* \@reversemarginfalse
* (1in=72.27pt=25.4mm, 1cm=28.453pt)

(C:\Users\alexd\AppData\Roaming\MiKTeX\2.9\tex/context/base/mkii\supp-pdf.mkii
[Loading MPS to PDF converter (version 2006.09.02).]
\scratchcounter=\count112
\scratchdimen=\dimen133
\scratchbox=\box31
\nofMPsegments=\count113
\nofMParguments=\count114
\everyMPshowfont=\toks25
\MPscratchCnt=\count115
\MPscratchDim=\dimen134
\MPnumerator=\count116
\makeMPintoPDFobject=\count117
\everyMPtoPDFconversion=\toks26
) ("C:\Program Files\MiKTeX 2.9\tex/latex/oberdiek\epstopdf-base.sty"
Package: epstopdf-base 2016/05/15 v2.6 Base part for package epstopdf

("C:\Program Files\MiKTeX 2.9\tex/latex/oberdiek\grfext.sty"
Package: grfext 2016/05/16 v1.2 Manage graphics extensions (HO)

("C:\Program Files\MiKTeX 2.9\tex/generic/oberdiek\kvdefinekeys.sty"
Package: kvdefinekeys 2016/05/16 v1.4 Define keys (HO)
))
("C:\Program Files\MiKTeX 2.9\tex/latex/oberdiek\kvoptions.sty"
Package: kvoptions 2016/05/16 v3.12 Key value format for package options (HO)

("C:\Program Files\MiKTeX 2.9\tex/generic/oberdiek\kvsetkeys.sty"
Package: kvsetkeys 2016/05/16 v1.17 Key value parser (HO)

("C:\Program Files\MiKTeX 2.9\tex/generic/oberdiek\etexcmds.sty"
Package: etexcmds 2016/05/16 v1.6 Avoid name clashes with e-TeX commands (HO)

("C:\Program Files\MiKTeX 2.9\tex/generic/oberdiek\ifluatex.sty"
Package: ifluatex 2016/05/16 v1.4 Provides the ifluatex switch (HO)
Package ifluatex Info: LuaTeX not detected.
))))
("C:\Program Files\MiKTeX 2.9\tex/generic/oberdiek\pdftexcmds.sty"
Package: pdftexcmds 2019/07/25 v0.30 Utility functions of pdfTeX for LuaTeX (HO
)
Package pdftexcmds Info: LuaTeX not detected.
Package pdftexcmds Info: \pdf@primitive is available.
Package pdftexcmds Info: \pdf@ifprimitive is available.
Package pdftexcmds Info: \pdfdraftmode found.
)
Package epstopdf-base Info: Redefining graphics rule for `.eps' on input line 4
38.
Package grfext Info: Graphics extension search list:
(grfext)             [.pdf,.png,.jpg,.mps,.jpeg,.jbig2,.jb2,.PDF,.PNG,.JPG,.JPE
G,.JBIG2,.JB2,.eps]
(grfext)             \AppendGraphicsExtensions on input line 456.
)
Package caption Info: Begin \AtBeginDocument code.
Package caption Info: End \AtBeginDocument code.
\AtBeginShipoutBox=\box32

("C:\Program Files\MiKTeX 2.9\tex/latex/oberdiek\pdflscape.sty"
Package: pdflscape 2016/05/14 v0.11 Display of landscape pages in PDF (HO)

("C:\Program Files\MiKTeX 2.9\tex/latex/graphics\lscape.sty"
Package: lscape 2000/10/22 v3.01 Landscape Pages (DPC)
)
Package pdflscape Info: Auto-detected driver: pdftex on input line 81.
)
LaTeX Font Info:    Try loading font information for OT1+ztmcm on input line 30
.

("C:\Program Files\MiKTeX 2.9\tex/latex/psnfss\ot1ztmcm.fd"
File: ot1ztmcm.fd 2000/01/03 Fontinst v1.801 font definitions for OT1/ztmcm.
)
LaTeX Font Info:    Try loading font information for OML+ztmcm on input line 30
.

("C:\Program Files\MiKTeX 2.9\tex/latex/psnfss\omlztmcm.fd"
File: omlztmcm.fd 2000/01/03 Fontinst v1.801 font definitions for OML/ztmcm.
)
LaTeX Font Info:    Try loading font information for OMS+ztmcm on input line 30
.

("C:\Program Files\MiKTeX 2.9\tex/latex/psnfss\omsztmcm.fd"
File: omsztmcm.fd 2000/01/03 Fontinst v1.801 font definitions for OMS/ztmcm.
)
LaTeX Font Info:    Try loading font information for OMX+ztmcm on input line 30
.

("C:\Program Files\MiKTeX 2.9\tex/latex/psnfss\omxztmcm.fd"
File: omxztmcm.fd 2000/01/03 Fontinst v1.801 font definitions for OMX/ztmcm.
)
LaTeX Font Info:    Try loading font information for OT1+ptm on input line 30.

("C:\Program Files\MiKTeX 2.9\tex/latex/psnfss\ot1ptm.fd"
File: ot1ptm.fd 2001/06/04 font definitions for OT1/ptm.
)
LaTeX Font Info:    Font shape `OT1/ptm/bx/n' in size <14.4> not available
(Font)              Font shape `OT1/ptm/b/n' tried instead on input line 30.
LaTeX Font Info:    Font shape `OT1/ptm/bx/n' in size <10.95> not available
(Font)              Font shape `OT1/ptm/b/n' tried instead on input line 30.
LaTeX Font Info:    Font shape `OT1/ptm/bx/n' in size <8> not available
(Font)              Font shape `OT1/ptm/b/n' tried instead on input line 30.
 [1

{C:/Users/alexd/AppData/Local/MiKTeX/2.9/pdftex/config/pdftex.map}]
LaTeX Font Info:    Font shape `T1/ptm/bx/n' in size <17.28> not available
(Font)              Font shape `T1/ptm/b/n' tried instead on input line 32.
LaTeX Font Info:    Font shape `OT1/ptm/bx/n' in size <17.28> not available
(Font)              Font shape `OT1/ptm/b/n' tried instead on input line 32.
LaTeX Font Info:    Font shape `OT1/ptm/bx/n' in size <12> not available
(Font)              Font shape `OT1/ptm/b/n' tried instead on input line 32.
LaTeX Font Info:    Font shape `OT1/ptm/bx/n' in size <10> not available
(Font)              Font shape `OT1/ptm/b/n' tried instead on input line 32.
LaTeX Font Info:    Font shape `T1/ptm/bx/n' in size <14.4> not available
(Font)              Font shape `T1/ptm/b/n' tried instead on input line 46.

Underfull \vbox (badness 1337) has occurred while \output is active []



Package Fancyhdr Warning: \headheight is too small (12.0pt): 
Make it at least 14.49998pt.
We now make it that large for the rest of the document.
This may cause the page layout to be inconsistent, however.

[2]
Overfull \hbox (10.6339pt too wide) in paragraph at lines 54--56
[]\T1/ptm/m/n/12 Develop feed-back con-trol laws: Pro-por-tional In-te-gral Der
iva-tive(PID) and Lin-ear Quadratic
 []

LaTeX Font Info:    Try loading font information for OMS+ptm on input line 84.
("C:\Program Files\MiKTeX 2.9\tex/latex/psnfss\omsptm.fd"
File: omsptm.fd 
)
LaTeX Font Info:    Font shape `OMS/ptm/m/n' in size <12> not available
(Font)              Font shape `OMS/cmsy/m/n' tried instead on input line 84.
<Y6_Hexarotor2.png, id=12, 374.90062pt x 256.70906pt>
File: Y6_Hexarotor2.png Graphic file (type png)
<use Y6_Hexarotor2.png>
Package pdftex.def Info: Y6_Hexarotor2.png  used on input line 94.
(pdftex.def)             Requested size: 271.7837pt x 186.11125pt.
 [3]
LaTeX Font Info:    Font shape `OT1/ptm/bx/n' in size <9> not available
(Font)              Font shape `OT1/ptm/b/n' tried instead on input line 109.
LaTeX Font Info:    Font shape `OT1/ptm/bx/n' in size <7> not available
(Font)              Font shape `OT1/ptm/b/n' tried instead on input line 109.

Underfull \vbox (badness 10000) has occurred while \output is active []

 [4 <./Y6_Hexarotor2.png>] [5] [6]
<sim.png, id=31, 461.47406pt x 234.1247pt>
File: sim.png Graphic file (type png)
<use sim.png>
Package pdftex.def Info: sim.png  used on input line 210.
(pdftex.def)             Requested size: 362.37598pt x 183.84901pt.
 [7 <./sim.png>]
<LQGsim.png, id=36, 749.04843pt x 264.23718pt>
File: LQGsim.png Graphic file (type png)
<use LQGsim.png>
Package pdftex.def Info: LQGsim.png  used on input line 229.
(pdftex.def)             Requested size: 452.96826pt x 159.79343pt.
 [8 <./LQGsim.png>]
Underfull \hbox (badness 10000) in paragraph at lines 241--245

 []

[9]
Underfull \hbox (badness 10000) in paragraph at lines 250--252

 []

<Gantt.pdf, id=43, 845.1575pt x 597.23125pt>
File: Gantt.pdf Graphic file (type pdf)
<use Gantt.pdf>
Package pdftex.def Info: Gantt.pdf  used on input line 257.
(pdftex.def)             Requested size: 845.15544pt x 597.22978pt.
File: Gantt.pdf Graphic file (type pdf)
<use Gantt.pdf>
Package pdftex.def Info: Gantt.pdf  used on input line 257.
(pdftex.def)             Requested size: 845.15544pt x 597.22978pt.
<Gantt.pdf, id=46, page=1, 845.1575pt x 597.23125pt>
File: Gantt.pdf Graphic file (type pdf)
<use Gantt.pdf, page 1>
Package pdftex.def Info: Gantt.pdf , page1 used on input line 257.
(pdftex.def)             Requested size: 845.15544pt x 597.22978pt.
File: Gantt.pdf Graphic file (type pdf)
<use Gantt.pdf, page 1>
Package pdftex.def Info: Gantt.pdf , page1 used on input line 257.
(pdftex.def)             Requested size: 597.61578pt x 422.30568pt.
File: Gantt.pdf Graphic file (type pdf)
<use Gantt.pdf, page 1>
Package pdftex.def Info: Gantt.pdf , page1 used on input line 257.
(pdftex.def)             Requested size: 597.61578pt x 422.30568pt.
File: Gantt.pdf Graphic file (type pdf)
<use Gantt.pdf, page 1>
Package pdftex.def Info: Gantt.pdf , page1 used on input line 257.
(pdftex.def)             Requested size: 597.61578pt x 422.30568pt.
File: Gantt.pdf Graphic file (type pdf)
<use Gantt.pdf, page 1>
Package pdftex.def Info: Gantt.pdf , page1 used on input line 260.
(pdftex.def)             Requested size: 597.61578pt x 422.30568pt.
[10 <./Gantt.pdf>] [11]
LaTeX Font Info:    Font shape `T1/ptm/bx/n' in size <24.88> not available
(Font)              Font shape `T1/ptm/b/n' tried instead on input line 272.
 [12

]
Underfull \hbox (badness 10000) in paragraph at lines 296--298
[]\T1/ptm/m/n/12 Patrick Bouf-fard. Elec-tri-cal En-gi-neer-ing and Com-puter S
ci-ences Uni-ver-
 []


Underfull \hbox (badness 10000) in paragraph at lines 296--298
\T1/ptm/m/n/12 sity of Cal-i-for-nia at Berke-ley, Tech-ni-cal Re-port No. UCB/
EECS-2012-241,
 []


Underfull \hbox (badness 10000) in paragraph at lines 296--298
\T1/ptm/m/n/12 http://www.eecs.berkeley.edu/Pubs/TechRpts/2012/EECS-2012-241.ht
ml. On-board
 []

[13] [14] (InterimReportCorrected.lof)
\tf@lof=\write3
\openout3 = `InterimReportCorrected.lof'.

 [15

]
File: Gantt.pdf Graphic file (type pdf)
<use Gantt.pdf>
Package pdftex.def Info: Gantt.pdf  used on input line 330.
(pdftex.def)             Requested size: 845.15544pt x 597.22978pt.
File: Gantt.pdf Graphic file (type pdf)
<use Gantt.pdf>
Package pdftex.def Info: Gantt.pdf  used on input line 330.
(pdftex.def)             Requested size: 845.15544pt x 597.22978pt.
File: Gantt.pdf Graphic file (type pdf)
<use Gantt.pdf, page 1>
Package pdftex.def Info: Gantt.pdf , page1 used on input line 330.
(pdftex.def)             Requested size: 845.15544pt x 597.22978pt.
File: Gantt.pdf Graphic file (type pdf)
<use Gantt.pdf, page 1>
Package pdftex.def Info: Gantt.pdf , page1 used on input line 330.
(pdftex.def)             Requested size: 597.61578pt x 422.30568pt.
File: Gantt.pdf Graphic file (type pdf)
<use Gantt.pdf, page 1>
Package pdftex.def Info: Gantt.pdf , page1 used on input line 330.
(pdftex.def)             Requested size: 597.61578pt x 422.30568pt.
File: Gantt.pdf Graphic file (type pdf)
<use Gantt.pdf, page 1>
Package pdftex.def Info: Gantt.pdf , page1 used on input line 330.
(pdftex.def)             Requested size: 597.61578pt x 422.30568pt.
File: Gantt.pdf Graphic file (type pdf)
<use Gantt.pdf, page 1>
Package pdftex.def Info: Gantt.pdf , page1 used on input line 335.
(pdftex.def)             Requested size: 597.61578pt x 422.30568pt.
 [16]
File: Gantt.pdf Graphic file (type pdf)
<use Gantt.pdf>
Package pdftex.def Info: Gantt.pdf  used on input line 339.
(pdftex.def)             Requested size: 845.15544pt x 597.22978pt.
File: Gantt.pdf Graphic file (type pdf)
<use Gantt.pdf>
Package pdftex.def Info: Gantt.pdf  used on input line 339.
(pdftex.def)             Requested size: 845.15544pt x 597.22978pt.
<Gantt.pdf, id=120, page=2, 845.1575pt x 597.23125pt>
File: Gantt.pdf Graphic file (type pdf)
<use Gantt.pdf, page 2>
Package pdftex.def Info: Gantt.pdf , page2 used on input line 339.
(pdftex.def)             Requested size: 845.15544pt x 597.22978pt.
File: Gantt.pdf Graphic file (type pdf)
<use Gantt.pdf, page 2>
Package pdftex.def Info: Gantt.pdf , page2 used on input line 339.
(pdftex.def)             Requested size: 597.61578pt x 422.30568pt.
File: Gantt.pdf Graphic file (type pdf)
<use Gantt.pdf, page 2>
Package pdftex.def Info: Gantt.pdf , page2 used on input line 339.
(pdftex.def)             Requested size: 597.61578pt x 422.30568pt.
File: Gantt.pdf Graphic file (type pdf)
<use Gantt.pdf, page 2>
Package pdftex.def Info: Gantt.pdf , page2 used on input line 339.
(pdftex.def)             Requested size: 597.61578pt x 422.30568pt.
File: Gantt.pdf Graphic file (type pdf)
<use Gantt.pdf, page 2>
Package pdftex.def Info: Gantt.pdf , page2 used on input line 344.
(pdftex.def)             Requested size: 597.61578pt x 422.30568pt.
 [17 <./Gantt.pdf>]
File: Gantt.pdf Graphic file (type pdf)
<use Gantt.pdf>
Package pdftex.def Info: Gantt.pdf  used on input line 348.
(pdftex.def)             Requested size: 845.15544pt x 597.22978pt.
File: Gantt.pdf Graphic file (type pdf)
<use Gantt.pdf>
Package pdftex.def Info: Gantt.pdf  used on input line 348.
(pdftex.def)             Requested size: 845.15544pt x 597.22978pt.
<Gantt.pdf, id=127, page=3, 845.1575pt x 597.23125pt>
File: Gantt.pdf Graphic file (type pdf)
<use Gantt.pdf, page 3>
Package pdftex.def Info: Gantt.pdf , page3 used on input line 348.
(pdftex.def)             Requested size: 845.15544pt x 597.22978pt.
File: Gantt.pdf Graphic file (type pdf)
<use Gantt.pdf, page 3>
Package pdftex.def Info: Gantt.pdf , page3 used on input line 348.
(pdftex.def)             Requested size: 597.61578pt x 422.30568pt.
File: Gantt.pdf Graphic file (type pdf)
<use Gantt.pdf, page 3>
Package pdftex.def Info: Gantt.pdf , page3 used on input line 348.
(pdftex.def)             Requested size: 597.61578pt x 422.30568pt.
File: Gantt.pdf Graphic file (type pdf)
<use Gantt.pdf, page 3>
Package pdftex.def Info: Gantt.pdf , page3 used on input line 348.
(pdftex.def)             Requested size: 597.61578pt x 422.30568pt.
File: Gantt.pdf Graphic file (type pdf)
<use Gantt.pdf, page 3>
Package pdftex.def Info: Gantt.pdf , page3 used on input line 353.
(pdftex.def)             Requested size: 597.61578pt x 422.30568pt.
 [18 <./Gantt.pdf>]
File: Gantt.pdf Graphic file (type pdf)
<use Gantt.pdf>
Package pdftex.def Info: Gantt.pdf  used on input line 357.
(pdftex.def)             Requested size: 845.15544pt x 597.22978pt.
File: Gantt.pdf Graphic file (type pdf)
<use Gantt.pdf>
Package pdftex.def Info: Gantt.pdf  used on input line 357.
(pdftex.def)             Requested size: 845.15544pt x 597.22978pt.
<Gantt.pdf, id=133, page=4, 845.1575pt x 597.23125pt>
File: Gantt.pdf Graphic file (type pdf)
<use Gantt.pdf, page 4>
Package pdftex.def Info: Gantt.pdf , page4 used on input line 357.
(pdftex.def)             Requested size: 845.15544pt x 597.22978pt.
File: Gantt.pdf Graphic file (type pdf)
<use Gantt.pdf, page 4>
Package pdftex.def Info: Gantt.pdf , page4 used on input line 357.
(pdftex.def)             Requested size: 597.61578pt x 422.30568pt.
File: Gantt.pdf Graphic file (type pdf)
<use Gantt.pdf, page 4>
Package pdftex.def Info: Gantt.pdf , page4 used on input line 357.
(pdftex.def)             Requested size: 597.61578pt x 422.30568pt.
File: Gantt.pdf Graphic file (type pdf)
<use Gantt.pdf, page 4>
Package pdftex.def Info: Gantt.pdf , page4 used on input line 357.
(pdftex.def)             Requested size: 597.61578pt x 422.30568pt.
File: Gantt.pdf Graphic file (type pdf)
<use Gantt.pdf, page 4>
Package pdftex.def Info: Gantt.pdf , page4 used on input line 364.
(pdftex.def)             Requested size: 597.61578pt x 422.30568pt.
 [19 <./Gantt.pdf>] (InterimReportCorrected.aux)

LaTeX Warning: There were multiply-defined labels.

 ) 
Here is how much of TeX's memory you used:
 5615 strings out of 492895
 82763 string characters out of 3133479
 162057 words of memory out of 3000000
 9400 multiletter control sequences out of 15000+200000
 57839 words of font info for 101 fonts, out of 3000000 for 9000
 1141 hyphenation exceptions out of 8191
 42i,18n,43p,1070b,418s stack positions out of 5000i,500n,10000p,200000b,50000s
{C:/Program Files/MiKTeX 2.9/fonts/enc/dvips/base/8r.enc}<C:/Program Files/Mi
KTeX 2.9/fonts/type1/public/amsfonts/cm/cmex10.pfb><C:/Program Files/MiKTeX 2.9
/fonts/type1/public/amsfonts/cm/cmmi10.pfb><C:/Program Files/MiKTeX 2.9/fonts/t
ype1/public/amsfonts/cm/cmr10.pfb><C:/Program Files/MiKTeX 2.9/fonts/type1/publ
ic/amsfonts/cm/cmsy10.pfb><C:/Users/alexd/AppData/Roaming/MiKTeX/2.9/fonts/type
1/urw/symbol/usyr.pfb><C:/Program Files/MiKTeX 2.9/fonts/type1/urw/times/utmb8a
.pfb><C:/Program Files/MiKTeX 2.9/fonts/type1/urw/times/utmr8a.pfb><C:/Program 
Files/MiKTeX 2.9/fonts/type1/urw/times/utmri8a.pfb>
Output written on InterimReportCorrected.pdf (19 pages, 269388 bytes).
PDF statistics:
 165 PDF objects out of 1000 (max. 8388607)
 0 named destinations out of 1000 (max. 500000)
 91 words of extra memory for PDF output out of 10000 (max. 10000000)

